<?xml version="1.0" encoding="UTF-8" ?>
<testsuite tests="9" failures="0" name="org.folio.edge.ncip.MainVerticleTest" time="1.942" errors="0" skipped="0">
  <properties>
[...]
</properties>
  <testcase classname="org.folio.edge.ncip.MainVerticleTest" name="testErrorMessage" time="0.004"/>
  <testcase classname="org.folio.edge.ncip.MainVerticleTest" name="testErrorCodeEquality" time="0"/>
  <testcase classname="org.folio.edge.ncip.MainVerticleTest" name="testErrorMessageEqualityWithNull" time="0.001"/>
  <testcase classname="org.folio.edge.ncip.MainVerticleTest" name="testNciphealthcheck" time="1.65"/>
  <testcase classname="org.folio.edge.ncip.MainVerticleTest" name="testAdminHealthShouldSucceed" time="0.047"/>
  <testcase classname="org.folio.edge.ncip.MainVerticleTest" name="testErrorMessagesEquality" time="0"/>
  <testcase classname="org.folio.edge.ncip.MainVerticleTest" name="testConfigCheck" time="0.037"/>
  <testcase classname="org.folio.edge.ncip.MainVerticleTest" name="failsWhenBadApiKeyProvided" time="0.155"/>
  <testcase classname="org.folio.edge.ncip.MainVerticleTest" name="successWithGoodKey" time="0.048"/>
</testsuite>